  只因你太美.cpp
d:\wormwaker\programs\c、c++\amusement\mvcreations\common\mv_string.h(72): warning C4018: “>”: 有符号/无符号不匹配
d:\wormwaker\programs\c、c++\amusement\mvcreations\common\mv_string.h(77): warning C4018: “>”: 有符号/无符号不匹配
d:\wormwaker\programs\c、c++\amusement\mvcreations\common\mv_string.h(82): warning C4018: “>”: 有符号/无符号不匹配
d:\wormwaker\programs\c、c++\amusement\mvcreations\common\mv_string.h(87): warning C4018: “>”: 有符号/无符号不匹配
d:\wormwaker\programs\c、c++\amusement\mvcreations\common\mv_string.h(154): warning C4018: “<”: 有符号/无符号不匹配
d:\wormwaker\programs\c、c++\amusement\mvcreations\common\mv_string.h(172): warning C4018: “<”: 有符号/无符号不匹配
d:\wormwaker\programs\c、c++\amusement\mvcreations\common\mv_math.h(11): warning C4244: “return”: 从“double”转换到“float”，可能丢失数据
d:\wormwaker\programs\c、c++\amusement\mvcreations\common\mv_math.h(15): warning C4244: “return”: 从“double”转换到“float”，可能丢失数据
d:\wormwaker\programs\c、c++\amusement\mvcreations\common\mv_math.h(154): warning C4244: “return”: 从“int”转换到“float”，可能丢失数据
d:\wormwaker\programs\c、c++\amusement\mvcreations\common\mv_math.h(155): warning C4244: “return”: 从“int”转换到“float”，可能丢失数据
d:\wormwaker\programs\c、c++\amusement\mvcreations\common\mv_math.h(156): warning C4244: “return”: 从“int”转换到“float”，可能丢失数据
d:\wormwaker\programs\c、c++\amusement\mvcreations\common\mv_math.h(160): warning C4244: “return”: 从“int”转换到“float”，可能丢失数据
d:\wormwaker\programs\c、c++\amusement\mvcreations\common\mv_math.h(161): warning C4244: “return”: 从“int”转换到“float”，可能丢失数据
d:\wormwaker\programs\c、c++\amusement\mvcreations\common\mv_math.h(162): warning C4244: “return”: 从“int”转换到“float”，可能丢失数据
d:\wormwaker\programs\c、c++\amusement\mvcreations\common\mv_math.h(163): warning C4244: “return”: 从“int”转换到“float”，可能丢失数据
d:\wormwaker\programs\c、c++\amusement\mvcreations\common\mv_math.h(164): warning C4305: “return”: 从“const double”到“float”截断
d:\wormwaker\programs\c、c++\amusement\mvcreations\common\mv_math.h(165): warning C4244: “return”: 从“double”转换到“float”，可能丢失数据
d:\wormwaker\programs\c、c++\amusement\mvcreations\common\mv_math.h(166): warning C4244: “return”: 从“int”转换到“float”，可能丢失数据
d:\wormwaker\programs\c、c++\amusement\mvcreations\common\mv_math.h(167): warning C4244: “return”: 从“double”转换到“float”，可能丢失数据
d:\wormwaker\programs\c、c++\amusement\mvcreations\common\mv_math.h(168): warning C4244: “return”: 从“double”转换到“float”，可能丢失数据
d:\wormwaker\programs\c、c++\amusement\mvcreations\common\mv_math.h(181): warning C4244: “return”: 从“int”转换到“float”，可能丢失数据
d:\wormwaker\programs\c、c++\amusement\mvcreations\common\mv_math.h(191): warning C4018: “<”: 有符号/无符号不匹配
d:\wormwaker\programs\c、c++\amusement\mvcreations\common\mv_winsys.h(70): warning C4244: “return”: 从“double”转换到“float”，可能丢失数据
d:\wormwaker\programs\c、c++\amusement\mvcreations\common\mv_display.h(103): warning C4244: “初始化”: 从“ege::color_t”转换到“float”，可能丢失数据
d:\wormwaker\programs\c、c++\amusement\mvcreations\common\mv_display.h(104): warning C4244: “初始化”: 从“ege::color_t”转换到“float”，可能丢失数据
d:\wormwaker\programs\c、c++\amusement\mvcreations\common\mv_display.h(105): warning C4244: “初始化”: 从“ege::color_t”转换到“float”，可能丢失数据
d:\wormwaker\programs\c、c++\amusement\mvcreations\common\mv_display.h(157): warning C4244: “初始化”: 从“double”转换到“short”，可能丢失数据
d:\wormwaker\programs\c、c++\amusement\mvcreations\common\mv_display.h(359): warning C4018: “<”: 有符号/无符号不匹配
d:\wormwaker\programs\c、c++\amusement\mvcreations\common\mv_display.h(360): warning C4018: “<”: 有符号/无符号不匹配
d:\wormwaker\programs\c、c++\amusement\mvcreations\common\mv_display.h(364): warning C4018: “<”: 有符号/无符号不匹配
d:\wormwaker\programs\c、c++\amusement\mvcreations\common\mv_display.h(365): warning C4018: “<”: 有符号/无符号不匹配
d:\wormwaker\programs\c、c++\amusement\mvcreations\common\mv_display.h(376): warning C4244: “初始化”: 从“double”转换到“int”，可能丢失数据
d:\wormwaker\programs\c、c++\amusement\mvcreations\common\mv_display.h(389): warning C4244: “初始化”: 从“double”转换到“int”，可能丢失数据
d:\wormwaker\programs\c、c++\amusement\mvcreations\common\mv_display.h(390): warning C4244: “初始化”: 从“double”转换到“int”，可能丢失数据
d:\wormwaker\programs\c、c++\amusement\mvcreations\common\mv_display.h(417): warning C4244: “初始化”: 从“double”转换到“int”，可能丢失数据
d:\wormwaker\programs\c、c++\amusement\mvcreations\common\mv_display.h(418): warning C4244: “初始化”: 从“double”转换到“int”，可能丢失数据
d:\wormwaker\programs\c、c++\amusement\mvcreations\common\mv_display.h(458): warning C4244: “初始化”: 从“double”转换到“int”，可能丢失数据
d:\wormwaker\programs\c、c++\amusement\mvcreations\common\mv_display.h(459): warning C4244: “初始化”: 从“double”转换到“int”，可能丢失数据
d:\wormwaker\programs\c、c++\amusement\mvcreations\common\mv_display.h(460): warning C4244: “初始化”: 从“double”转换到“int”，可能丢失数据
d:\wormwaker\programs\c、c++\amusement\mvcreations\common\mv_display.h(509): warning C4244: “+=”: 从“double”转换到“float”，可能丢失数据
d:\wormwaker\programs\c、c++\amusement\mvcreations\common\mv_display.h(512): warning C4244: “=”: 从“const _Ty”转换到“float”，可能丢失数据
          with
          [
              _Ty=double
          ]
d:\wormwaker\programs\c、c++\amusement\mvcreations\common\mv_json.h(103): warning C4018: “<”: 有符号/无符号不匹配
d:\wormwaker\programs\c、c++\amusement\mvcreations\common\mv_json.h(130): warning C4018: “<”: 有符号/无符号不匹配
d:\wormwaker\programs\c、c++\amusement\mvcreations\common\mv_json.h(138): warning C4018: “<”: 有符号/无符号不匹配
d:\wormwaker\programs\c、c++\amusement\mvcreations\common\mv_json.h(269): warning C4018: “<”: 有符号/无符号不匹配
d:\wormwaker\programs\c、c++\amusement\mvcreations\common\mv_json.h(279): warning C4018: “<”: 有符号/无符号不匹配
d:\wormwaker\programs\c、c++\amusement\mvcreations\common\mv_json.h(307): warning C4018: “<”: 有符号/无符号不匹配
d:\wormwaker\programs\c、c++\amusement\mvcreations\common\mv_json.h(394): warning C4018: “<”: 有符号/无符号不匹配
d:\wormwaker\programs\c、c++\amusement\mvcreations\common\mv_perform.h(263): warning C4244: “参数”: 从“float”转换到“int”，可能丢失数据
d:\wormwaker\programs\c、c++\amusement\mvcreations\common\mv_camera.h(75): warning C4244: “参数”: 从“double”转换到“clock_t”，可能丢失数据
d:\wormwaker\programs\c、c++\amusement\mvcreations\common\mv_camera.h(124): warning C4244: “参数”: 从“double”转换到“int”，可能丢失数据
d:\wormwaker\programs\c、c++\amusement\mvcreations\common\mv_camera.h(129): warning C4244: “参数”: 从“double”转换到“int”，可能丢失数据
d:\wormwaker\programs\c、c++\amusement\mvcreations\common\mv_camera.h(134): warning C4244: “参数”: 从“double”转换到“unsigned char”，可能丢失数据
d:\wormwaker\programs\c、c++\amusement\mvcreations\common\mv_camera.h(146): warning C4244: “参数”: 从“double”转换到“_T”，可能丢失数据
          with
          [
              _T=int
          ]
d:\wormwaker\programs\c、c++\amusement\mvcreations\common\mv_camera.h(238): warning C4244: “=”: 从“float”转换到“int”，可能丢失数据
d:\wormwaker\programs\c、c++\amusement\mvcreations\common\mv_camera.h(240): warning C4244: “=”: 从“float”转换到“int”，可能丢失数据
d:\wormwaker\programs\c、c++\amusement\mvcreations\common\mv_camera.h(245): warning C4244: “=”: 从“float”转换到“int”，可能丢失数据
d:\wormwaker\programs\c、c++\amusement\mvcreations\common\mv_camera.h(251): warning C4244: “=”: 从“float”转换到“int”，可能丢失数据
d:\wormwaker\programs\c、c++\amusement\mvcreations\common\mv_camera.h(262): warning C4244: “=”: 从“float”转换到“short”，可能丢失数据
d:\wormwaker\programs\c、c++\amusement\mvcreations\common\mv_camera.h(266): warning C4244: “=”: 从“float”转换到“short”，可能丢失数据
d:\wormwaker\programs\c、c++\amusement\mvcreations\common\mv_camera.h(276): warning C4244: “=”: 从“float”转换到“clock_t”，可能丢失数据
d:\wormwaker\programs\c、c++\amusement\mvcreations\common\mv_camera.h(308): warning C4244: “参数”: 从“float”转换到“int”，可能丢失数据
d:\wormwaker\programs\c、c++\amusement\mvcreations\common\mv_camera.h(327): warning C4244: “=”: 从“double”转换到“int”，可能丢失数据
d:\wormwaker\programs\c、c++\amusement\mvcreations\common\mv_camera.h(328): warning C4244: “=”: 从“double”转换到“int”，可能丢失数据
d:\wormwaker\programs\c、c++\amusement\mvcreations\common\mv_camera.h(337): warning C4244: “参数”: 从“float”转换到“int”，可能丢失数据
d:\wormwaker\programs\c、c++\amusement\mvcreations\common\mv_camera.h(336): warning C4244: “参数”: 从“float”转换到“int”，可能丢失数据
d:\wormwaker\programs\c、c++\amusement\mvcreations\common\mv_camera.h(374): warning C4244: “return”: 从“double”转换到“float”，可能丢失数据
d:\wormwaker\programs\c、c++\amusement\mvcreations\common\mv_camera.h(379): warning C4244: “return”: 从“double”转换到“float”，可能丢失数据
d:\wormwaker\programs\c、c++\amusement\mvcreations\common\mv_camera.h(384): warning C4244: “return”: 从“double”转换到“short”，可能丢失数据
d:\wormwaker\programs\c、c++\amusement\mvcreations\common\mv_camera.h(389): warning C4244: “return”: 从“double”转换到“int”，可能丢失数据
d:\wormwaker\programs\c、c++\amusement\mvcreations\common\mv_camera.h(394): warning C4244: “return”: 从“double”转换到“int”，可能丢失数据
d:\wormwaker\programs\c、c++\amusement\mvcreations\common\mv_camera.h(400): warning C4244: “=”: 从“double”转换到“float”，可能丢失数据
d:\wormwaker\programs\c、c++\amusement\mvcreations\common\mv_camera.h(401): warning C4244: “=”: 从“double”转换到“float”，可能丢失数据
d:\wormwaker\programs\c、c++\amusement\mvcreations\common\mv_camera.h(402): warning C4244: “=”: 从“float”转换到“short”，可能丢失数据
d:\wormwaker\programs\c、c++\amusement\mvcreations\common\mv_textperform.h(50): warning C4244: “初始化”: 从“float”转换到“int”，可能丢失数据
d:\wormwaker\programs\c、c++\amusement\mvcreations\common\mv_textperform.h(60): warning C4244: “参数”: 从“int”转换到“float”，可能丢失数据
d:\wormwaker\programs\c、c++\amusement\mvcreations\common\mv_textperform.h(75): warning C4244: “初始化”: 从“float”转换到“int”，可能丢失数据
d:\wormwaker\programs\c、c++\amusement\mvcreations\common\mv_textperform.h(85): warning C4244: “参数”: 从“int”转换到“float”，可能丢失数据
d:\wormwaker\programs\c、c++\amusement\mvcreations\common\mv_textperform.h(114): warning C4244: “参数”: 从“double”转换到“_T”，可能丢失数据
          with
          [
              _T=short
          ]
d:\wormwaker\programs\c、c++\amusement\mvcreations\common\mv_textperform.h(114): warning C4244: “=”: 从“double”转换到“short”，可能丢失数据
d:\wormwaker\programs\c、c++\amusement\mvcreations\common\mv_textperform.h(123): warning C4244: “=”: 从“double”转换到“float”，可能丢失数据
d:\wormwaker\programs\c、c++\amusement\mvcreations\common\mv_textperform.h(132): warning C4244: “=”: 从“double”转换到“short”，可能丢失数据
d:\wormwaker\programs\c、c++\amusement\mvcreations\common\mv_textperform.h(141): warning C4244: “=”: 从“double”转换到“float”，可能丢失数据
d:\wormwaker\programs\c、c++\amusement\mvcreations\common\mv_z_ain_common_cases.h(3): warning C4244: “=”: 从“double”转换到“float”，可能丢失数据
d:\wormwaker\programs\c、c++\amusement\mvcreations\common\mv_z_ain_common_cases.h(9): warning C4244: “=”: 从“double”转换到“float”，可能丢失数据
d:\wormwaker\programs\c、c++\amusement\mvcreations\common\mv_z_ain_common_cases.h(15): warning C4244: “参数”: 从“int”转换到“_T”，可能丢失数据
          with
          [
              _T=float
          ]
d:\wormwaker\programs\c、c++\amusement\mvcreations\common\mv_z_ain_common_cases.h(15): warning C4244: “=”: 从“double”转换到“float”，可能丢失数据
d:\wormwaker\programs\c、c++\amusement\mvcreations\common\mv_z_ain_common_cases.h(21): warning C4244: “参数”: 从“int”转换到“_T”，可能丢失数据
          with
          [
              _T=float
          ]
d:\wormwaker\programs\c、c++\amusement\mvcreations\common\mv_z_ain_common_cases.h(21): warning C4244: “=”: 从“double”转换到“float”，可能丢失数据
d:\wormwaker\programs\c、c++\amusement\mvcreations\common\mv_z_ain_common_cases.h(27): warning C4244: “=”: 从“double”转换到“float”，可能丢失数据
d:\wormwaker\programs\c、c++\amusement\mvcreations\common\mv_z_ain_common_cases.h(33): warning C4244: “=”: 从“double”转换到“float”，可能丢失数据
d:\wormwaker\programs\c、c++\amusement\mvcreations\common\mv_z_ain_common_cases.h(39): warning C4244: “参数”: 从“int”转换到“_T”，可能丢失数据
          with
          [
              _T=float
          ]
d:\wormwaker\programs\c、c++\amusement\mvcreations\common\mv_z_ain_common_cases.h(39): warning C4244: “=”: 从“double”转换到“float”，可能丢失数据
d:\wormwaker\programs\c、c++\amusement\mvcreations\common\mv_z_ain_common_cases.h(45): warning C4244: “参数”: 从“int”转换到“_T”，可能丢失数据
          with
          [
              _T=float
          ]
d:\wormwaker\programs\c、c++\amusement\mvcreations\common\mv_z_ain_common_cases.h(45): warning C4244: “=”: 从“double”转换到“float”，可能丢失数据
d:\wormwaker\programs\c、c++\amusement\mvcreations\common\mv_z_ain_common_cases.h(50): warning C4244: “=”: 从“double”转换到“float”，可能丢失数据
d:\wormwaker\programs\c、c++\amusement\mvcreations\common\mv_z_ain_common_cases.h(51): warning C4244: “参数”: 从“int”转换到“_T”，可能丢失数据
          with
          [
              _T=float
          ]
d:\wormwaker\programs\c、c++\amusement\mvcreations\common\mv_z_ain_common_cases.h(51): warning C4244: “=”: 从“double”转换到“float”，可能丢失数据
d:\wormwaker\programs\c、c++\amusement\mvcreations\common\mv_z_ain_common_cases.h(55): warning C4244: “=”: 从“double”转换到“float”，可能丢失数据
d:\wormwaker\programs\c、c++\amusement\mvcreations\common\mv_z_ain_common_cases.h(56): warning C4244: “参数”: 从“int”转换到“_T”，可能丢失数据
          with
          [
              _T=float
          ]
d:\wormwaker\programs\c、c++\amusement\mvcreations\common\mv_z_ain_common_cases.h(56): warning C4244: “=”: 从“double”转换到“float”，可能丢失数据
d:\wormwaker\programs\c、c++\amusement\mvcreations\common\mv_z_ain_common_cases.h(60): warning C4244: “参数”: 从“int”转换到“_T”，可能丢失数据
          with
          [
              _T=float
          ]
d:\wormwaker\programs\c、c++\amusement\mvcreations\common\mv_z_ain_common_cases.h(60): warning C4244: “=”: 从“double”转换到“float”，可能丢失数据
d:\wormwaker\programs\c、c++\amusement\mvcreations\common\mv_z_ain_common_cases.h(61): warning C4244: “参数”: 从“int”转换到“_T”，可能丢失数据
          with
          [
              _T=float
          ]
d:\wormwaker\programs\c、c++\amusement\mvcreations\common\mv_z_ain_common_cases.h(61): warning C4244: “=”: 从“double”转换到“float”，可能丢失数据
d:\wormwaker\programs\c、c++\amusement\mvcreations\common\mv_z_ain_common_cases.h(65): warning C4244: “参数”: 从“int”转换到“_T”，可能丢失数据
          with
          [
              _T=float
          ]
d:\wormwaker\programs\c、c++\amusement\mvcreations\common\mv_z_ain_common_cases.h(65): warning C4244: “=”: 从“double”转换到“float”，可能丢失数据
d:\wormwaker\programs\c、c++\amusement\mvcreations\common\mv_z_ain_common_cases.h(66): warning C4244: “参数”: 从“int”转换到“_T”，可能丢失数据
          with
          [
              _T=float
          ]
d:\wormwaker\programs\c、c++\amusement\mvcreations\common\mv_z_ain_common_cases.h(66): warning C4244: “=”: 从“double”转换到“float”，可能丢失数据
d:\wormwaker\programs\c、c++\amusement\mvcreations\common\mv_z_ain_common_cases.h(70): warning C4244: “=”: 从“double”转换到“float”，可能丢失数据
d:\wormwaker\programs\c、c++\amusement\mvcreations\common\mv_z_ain_common_cases.h(71): warning C4244: “=”: 从“double”转换到“float”，可能丢失数据
d:\wormwaker\programs\c、c++\amusement\mvcreations\common\mv_z_ain_common_cases.h(75): warning C4244: “=”: 从“double”转换到“float”，可能丢失数据
d:\wormwaker\programs\c、c++\amusement\mvcreations\common\mv_z_ain_common_cases.h(76): warning C4244: “=”: 从“double”转换到“float”，可能丢失数据
d:\wormwaker\programs\c、c++\amusement\mvcreations\common\mv_z_ain_common_cases.h(80): warning C4244: “参数”: 从“int”转换到“_T”，可能丢失数据
          with
          [
              _T=float
          ]
d:\wormwaker\programs\c、c++\amusement\mvcreations\common\mv_z_ain_common_cases.h(80): warning C4244: “=”: 从“double”转换到“float”，可能丢失数据
d:\wormwaker\programs\c、c++\amusement\mvcreations\common\mv_z_ain_common_cases.h(81): warning C4244: “=”: 从“double”转换到“float”，可能丢失数据
d:\wormwaker\programs\c、c++\amusement\mvcreations\common\mv_z_ain_common_cases.h(85): warning C4244: “参数”: 从“int”转换到“_T”，可能丢失数据
          with
          [
              _T=float
          ]
d:\wormwaker\programs\c、c++\amusement\mvcreations\common\mv_z_ain_common_cases.h(85): warning C4244: “=”: 从“double”转换到“float”，可能丢失数据
d:\wormwaker\programs\c、c++\amusement\mvcreations\common\mv_z_ain_common_cases.h(86): warning C4244: “=”: 从“double”转换到“float”，可能丢失数据
d:\wormwaker\programs\c、c++\amusement\mvcreations\common\mv_textperform.h(152): warning C4244: “=”: 从“double”转换到“float”，可能丢失数据
d:\wormwaker\programs\c、c++\amusement\mvcreations\common\mv_textperform.h(153): warning C4244: “参数”: 从“int”转换到“_T”，可能丢失数据
          with
          [
              _T=float
          ]
d:\wormwaker\programs\c、c++\amusement\mvcreations\common\mv_textperform.h(153): warning C4244: “=”: 从“double”转换到“short”，可能丢失数据
d:\wormwaker\programs\c、c++\amusement\mvcreations\common\mv_textperform.h(160): warning C4244: “=”: 从“double”转换到“float”，可能丢失数据
d:\wormwaker\programs\c、c++\amusement\mvcreations\common\mv_textperform.h(176): warning C4244: “参数”: 从“float”转换到“int”，可能丢失数据
d:\wormwaker\programs\c、c++\amusement\mvcreations\common\mv_textperform.h(178): warning C4244: “参数”: 从“float”转换到“int”，可能丢失数据
d:\wormwaker\programs\c、c++\amusement\mvcreations\common\mv_textperform.h(200): warning C4244: “参数”: 从“double”转换到“_T”，可能丢失数据
          with
          [
              _T=short
          ]
d:\wormwaker\programs\c、c++\amusement\mvcreations\common\mv_textperform.h(200): warning C4244: “=”: 从“double”转换到“short”，可能丢失数据
d:\wormwaker\programs\c、c++\amusement\mvcreations\common\mv_textperform.h(207): warning C4244: “=”: 从“double”转换到“float”，可能丢失数据
d:\wormwaker\programs\c、c++\amusement\mvcreations\common\mv_textperform.h(216): warning C4244: “参数”: 从“double”转换到“_T”，可能丢失数据
          with
          [
              _T=short
          ]
d:\wormwaker\programs\c、c++\amusement\mvcreations\common\mv_textperform.h(216): warning C4244: “=”: 从“double”转换到“short”，可能丢失数据
d:\wormwaker\programs\c、c++\amusement\mvcreations\common\mv_textperform.h(223): warning C4244: “=”: 从“double”转换到“float”，可能丢失数据
d:\wormwaker\programs\c、c++\amusement\mvcreations\common\mv_z_aout_common_cases.h(2): warning C4244: “=”: 从“double”转换到“float”，可能丢失数据
d:\wormwaker\programs\c、c++\amusement\mvcreations\common\mv_z_aout_common_cases.h(7): warning C4244: “=”: 从“double”转换到“float”，可能丢失数据
d:\wormwaker\programs\c、c++\amusement\mvcreations\common\mv_z_aout_common_cases.h(12): warning C4244: “参数”: 从“int”转换到“_T”，可能丢失数据
          with
          [
              _T=float
          ]
d:\wormwaker\programs\c、c++\amusement\mvcreations\common\mv_z_aout_common_cases.h(12): warning C4244: “=”: 从“double”转换到“float”，可能丢失数据
d:\wormwaker\programs\c、c++\amusement\mvcreations\common\mv_z_aout_common_cases.h(17): warning C4244: “参数”: 从“int”转换到“_T”，可能丢失数据
          with
          [
              _T=float
          ]
d:\wormwaker\programs\c、c++\amusement\mvcreations\common\mv_z_aout_common_cases.h(17): warning C4244: “=”: 从“double”转换到“float”，可能丢失数据
d:\wormwaker\programs\c、c++\amusement\mvcreations\common\mv_z_aout_common_cases.h(22): warning C4244: “=”: 从“double”转换到“float”，可能丢失数据
d:\wormwaker\programs\c、c++\amusement\mvcreations\common\mv_z_aout_common_cases.h(27): warning C4244: “=”: 从“double”转换到“float”，可能丢失数据
d:\wormwaker\programs\c、c++\amusement\mvcreations\common\mv_z_aout_common_cases.h(32): warning C4244: “参数”: 从“int”转换到“_T”，可能丢失数据
          with
          [
              _T=float
          ]
d:\wormwaker\programs\c、c++\amusement\mvcreations\common\mv_z_aout_common_cases.h(32): warning C4244: “=”: 从“double”转换到“float”，可能丢失数据
d:\wormwaker\programs\c、c++\amusement\mvcreations\common\mv_z_aout_common_cases.h(37): warning C4244: “参数”: 从“int”转换到“_T”，可能丢失数据
          with
          [
              _T=float
          ]
d:\wormwaker\programs\c、c++\amusement\mvcreations\common\mv_z_aout_common_cases.h(37): warning C4244: “=”: 从“double”转换到“float”，可能丢失数据
d:\wormwaker\programs\c、c++\amusement\mvcreations\common\mv_z_aout_common_cases.h(42): warning C4244: “=”: 从“double”转换到“float”，可能丢失数据
d:\wormwaker\programs\c、c++\amusement\mvcreations\common\mv_z_aout_common_cases.h(43): warning C4244: “参数”: 从“int”转换到“_T”，可能丢失数据
          with
          [
              _T=float
          ]
d:\wormwaker\programs\c、c++\amusement\mvcreations\common\mv_z_aout_common_cases.h(43): warning C4244: “=”: 从“double”转换到“float”，可能丢失数据
d:\wormwaker\programs\c、c++\amusement\mvcreations\common\mv_z_aout_common_cases.h(47): warning C4244: “=”: 从“double”转换到“float”，可能丢失数据
d:\wormwaker\programs\c、c++\amusement\mvcreations\common\mv_z_aout_common_cases.h(48): warning C4244: “参数”: 从“int”转换到“_T”，可能丢失数据
          with
          [
              _T=float
          ]
d:\wormwaker\programs\c、c++\amusement\mvcreations\common\mv_z_aout_common_cases.h(48): warning C4244: “=”: 从“double”转换到“float”，可能丢失数据
d:\wormwaker\programs\c、c++\amusement\mvcreations\common\mv_z_aout_common_cases.h(52): warning C4244: “参数”: 从“int”转换到“_T”，可能丢失数据
          with
          [
              _T=float
          ]
d:\wormwaker\programs\c、c++\amusement\mvcreations\common\mv_z_aout_common_cases.h(52): warning C4244: “=”: 从“double”转换到“float”，可能丢失数据
d:\wormwaker\programs\c、c++\amusement\mvcreations\common\mv_z_aout_common_cases.h(53): warning C4244: “参数”: 从“int”转换到“_T”，可能丢失数据
          with
          [
              _T=float
          ]
d:\wormwaker\programs\c、c++\amusement\mvcreations\common\mv_z_aout_common_cases.h(53): warning C4244: “=”: 从“double”转换到“float”，可能丢失数据
d:\wormwaker\programs\c、c++\amusement\mvcreations\common\mv_z_aout_common_cases.h(57): warning C4244: “参数”: 从“int”转换到“_T”，可能丢失数据
          with
          [
              _T=float
          ]
d:\wormwaker\programs\c、c++\amusement\mvcreations\common\mv_z_aout_common_cases.h(57): warning C4244: “=”: 从“double”转换到“float”，可能丢失数据
d:\wormwaker\programs\c、c++\amusement\mvcreations\common\mv_z_aout_common_cases.h(58): warning C4244: “参数”: 从“int”转换到“_T”，可能丢失数据
          with
          [
              _T=float
          ]
d:\wormwaker\programs\c、c++\amusement\mvcreations\common\mv_z_aout_common_cases.h(58): warning C4244: “=”: 从“double”转换到“float”，可能丢失数据
d:\wormwaker\programs\c、c++\amusement\mvcreations\common\mv_z_aout_common_cases.h(62): warning C4244: “=”: 从“double”转换到“float”，可能丢失数据
d:\wormwaker\programs\c、c++\amusement\mvcreations\common\mv_z_aout_common_cases.h(63): warning C4244: “=”: 从“double”转换到“float”，可能丢失数据
d:\wormwaker\programs\c、c++\amusement\mvcreations\common\mv_z_aout_common_cases.h(67): warning C4244: “=”: 从“double”转换到“float”，可能丢失数据
d:\wormwaker\programs\c、c++\amusement\mvcreations\common\mv_z_aout_common_cases.h(68): warning C4244: “=”: 从“double”转换到“float”，可能丢失数据
d:\wormwaker\programs\c、c++\amusement\mvcreations\common\mv_z_aout_common_cases.h(72): warning C4244: “参数”: 从“int”转换到“_T”，可能丢失数据
          with
          [
              _T=float
          ]
d:\wormwaker\programs\c、c++\amusement\mvcreations\common\mv_z_aout_common_cases.h(72): warning C4244: “=”: 从“double”转换到“float”，可能丢失数据
d:\wormwaker\programs\c、c++\amusement\mvcreations\common\mv_z_aout_common_cases.h(73): warning C4244: “=”: 从“double”转换到“float”，可能丢失数据
d:\wormwaker\programs\c、c++\amusement\mvcreations\common\mv_z_aout_common_cases.h(77): warning C4244: “参数”: 从“int”转换到“_T”，可能丢失数据
          with
          [
              _T=float
          ]
d:\wormwaker\programs\c、c++\amusement\mvcreations\common\mv_z_aout_common_cases.h(77): warning C4244: “=”: 从“double”转换到“float”，可能丢失数据
d:\wormwaker\programs\c、c++\amusement\mvcreations\common\mv_z_aout_common_cases.h(78): warning C4244: “=”: 从“double”转换到“float”，可能丢失数据
d:\wormwaker\programs\c、c++\amusement\mvcreations\common\mv_textperform.h(233): warning C4244: “=”: 从“double”转换到“float”，可能丢失数据
d:\wormwaker\programs\c、c++\amusement\mvcreations\common\mv_textperform.h(234): warning C4244: “=”: 从“double”转换到“short”，可能丢失数据
d:\wormwaker\programs\c、c++\amusement\mvcreations\common\mv_textperform.h(241): warning C4244: “=”: 从“double”转换到“float”，可能丢失数据
d:\wormwaker\programs\c、c++\amusement\mvcreations\common\mv_textperform.h(255): warning C4244: “参数”: 从“float”转换到“int”，可能丢失数据
d:\wormwaker\programs\c、c++\amusement\mvcreations\common\mv_textperform.h(257): warning C4244: “参数”: 从“float”转换到“int”，可能丢失数据
d:\wormwaker\programs\c、c++\amusement\mvcreations\common\mv_z_amid_common.h(10): warning C4244: “=”: 从“double”转换到“float”，可能丢失数据
d:\wormwaker\programs\c、c++\amusement\mvcreations\common\mv_z_amid_common.h(11): warning C4244: “=”: 从“double”转换到“float”，可能丢失数据
d:\wormwaker\programs\c、c++\amusement\mvcreations\common\mv_z_amid_common.h(13): warning C4244: “=”: 从“double”转换到“float”，可能丢失数据
d:\wormwaker\programs\c、c++\amusement\mvcreations\common\mv_textperform.h(263): warning C4244: “参数”: 从“int”转换到“_T”，可能丢失数据
          with
          [
              _T=float
          ]
d:\wormwaker\programs\c、c++\amusement\mvcreations\common\mv_textperform.h(263): warning C4244: “=”: 从“double”转换到“short”，可能丢失数据
d:\wormwaker\programs\c、c++\amusement\mvcreations\common\mv_textperform.h(274): warning C4244: “参数”: 从“float”转换到“int”，可能丢失数据
d:\wormwaker\programs\c、c++\amusement\mvcreations\common\mv_textperform.h(276): warning C4244: “参数”: 从“float”转换到“int”，可能丢失数据
d:\wormwaker\programs\c、c++\amusement\mvcreations\common\mv_rectperform.h(123): warning C4244: “=”: 从“double”转换到“short”，可能丢失数据
d:\wormwaker\programs\c、c++\amusement\mvcreations\common\mv_rectperform.h(128): warning C4244: “=”: 从“double”转换到“short”，可能丢失数据
d:\wormwaker\programs\c、c++\amusement\mvcreations\common\mv_rectperform.h(129): warning C4244: “参数”: 从“float”转换到“_T”，可能丢失数据
          with
          [
              _T=int
          ]
d:\wormwaker\programs\c、c++\amusement\mvcreations\common\mv_rectperform.h(129): warning C4244: “=”: 从“double”转换到“short”，可能丢失数据
d:\wormwaker\programs\c、c++\amusement\mvcreations\common\mv_rectperform.h(130): warning C4244: “参数”: 从“float”转换到“_T”，可能丢失数据
          with
          [
              _T=int
          ]
d:\wormwaker\programs\c、c++\amusement\mvcreations\common\mv_rectperform.h(130): warning C4244: “=”: 从“double”转换到“short”，可能丢失数据
d:\wormwaker\programs\c、c++\amusement\mvcreations\common\mv_rectperform.h(132): warning C4244: “=”: 从“double”转换到“float”，可能丢失数据
d:\wormwaker\programs\c、c++\amusement\mvcreations\common\mv_rectperform.h(134): warning C4244: “=”: 从“double”转换到“float”，可能丢失数据
d:\wormwaker\programs\c、c++\amusement\mvcreations\common\mv_rectperform.h(138): warning C4244: “=”: 从“double”转换到“float”，可能丢失数据
d:\wormwaker\programs\c、c++\amusement\mvcreations\common\mv_rectperform.h(146): warning C4244: “=”: 从“double”转换到“short”，可能丢失数据
d:\wormwaker\programs\c、c++\amusement\mvcreations\common\mv_rectperform.h(147): warning C4244: “参数”: 从“float”转换到“_T”，可能丢失数据
          with
          [
              _T=int
          ]
d:\wormwaker\programs\c、c++\amusement\mvcreations\common\mv_rectperform.h(147): warning C4244: “参数”: 从“double”转换到“_T”，可能丢失数据
          with
          [
              _T=int
          ]
d:\wormwaker\programs\c、c++\amusement\mvcreations\common\mv_rectperform.h(147): warning C4244: “=”: 从“double”转换到“short”，可能丢失数据
d:\wormwaker\programs\c、c++\amusement\mvcreations\common\mv_rectperform.h(148): warning C4244: “参数”: 从“float”转换到“_T”，可能丢失数据
          with
          [
              _T=int
          ]
d:\wormwaker\programs\c、c++\amusement\mvcreations\common\mv_rectperform.h(148): warning C4244: “参数”: 从“double”转换到“_T”，可能丢失数据
          with
          [
              _T=int
          ]
d:\wormwaker\programs\c、c++\amusement\mvcreations\common\mv_rectperform.h(148): warning C4244: “=”: 从“double”转换到“short”，可能丢失数据
d:\wormwaker\programs\c、c++\amusement\mvcreations\common\mv_rectperform.h(150): warning C4244: “参数”: 从“double”转换到“_T”，可能丢失数据
          with
          [
              _T=float
          ]
d:\wormwaker\programs\c、c++\amusement\mvcreations\common\mv_rectperform.h(150): warning C4244: “=”: 从“double”转换到“float”，可能丢失数据
d:\wormwaker\programs\c、c++\amusement\mvcreations\common\mv_rectperform.h(152): warning C4244: “=”: 从“double”转换到“float”，可能丢失数据
d:\wormwaker\programs\c、c++\amusement\mvcreations\common\mv_rectperform.h(156): warning C4244: “=”: 从“double”转换到“float”，可能丢失数据
d:\wormwaker\programs\c、c++\amusement\mvcreations\common\mv_z_ain_common_cases.h(3): warning C4244: “=”: 从“double”转换到“float”，可能丢失数据
d:\wormwaker\programs\c、c++\amusement\mvcreations\common\mv_z_ain_common_cases.h(9): warning C4244: “=”: 从“double”转换到“float”，可能丢失数据
d:\wormwaker\programs\c、c++\amusement\mvcreations\common\mv_z_ain_common_cases.h(15): warning C4244: “参数”: 从“int”转换到“_T”，可能丢失数据
          with
          [
              _T=float
          ]
d:\wormwaker\programs\c、c++\amusement\mvcreations\common\mv_z_ain_common_cases.h(15): warning C4244: “=”: 从“double”转换到“float”，可能丢失数据
d:\wormwaker\programs\c、c++\amusement\mvcreations\common\mv_z_ain_common_cases.h(21): warning C4244: “参数”: 从“int”转换到“_T”，可能丢失数据
          with
          [
              _T=float
          ]
d:\wormwaker\programs\c、c++\amusement\mvcreations\common\mv_z_ain_common_cases.h(21): warning C4244: “=”: 从“double”转换到“float”，可能丢失数据
d:\wormwaker\programs\c、c++\amusement\mvcreations\common\mv_z_ain_common_cases.h(27): warning C4244: “=”: 从“double”转换到“float”，可能丢失数据
d:\wormwaker\programs\c、c++\amusement\mvcreations\common\mv_z_ain_common_cases.h(33): warning C4244: “=”: 从“double”转换到“float”，可能丢失数据
d:\wormwaker\programs\c、c++\amusement\mvcreations\common\mv_z_ain_common_cases.h(39): warning C4244: “参数”: 从“int”转换到“_T”，可能丢失数据
          with
          [
              _T=float
          ]
d:\wormwaker\programs\c、c++\amusement\mvcreations\common\mv_z_ain_common_cases.h(39): warning C4244: “=”: 从“double”转换到“float”，可能丢失数据
d:\wormwaker\programs\c、c++\amusement\mvcreations\common\mv_z_ain_common_cases.h(45): warning C4244: “参数”: 从“int”转换到“_T”，可能丢失数据
          with
          [
              _T=float
          ]
d:\wormwaker\programs\c、c++\amusement\mvcreations\common\mv_z_ain_common_cases.h(45): warning C4244: “=”: 从“double”转换到“float”，可能丢失数据
d:\wormwaker\programs\c、c++\amusement\mvcreations\common\mv_z_ain_common_cases.h(50): warning C4244: “=”: 从“double”转换到“float”，可能丢失数据
d:\wormwaker\programs\c、c++\amusement\mvcreations\common\mv_z_ain_common_cases.h(51): warning C4244: “参数”: 从“int”转换到“_T”，可能丢失数据
          with
          [
              _T=float
          ]
d:\wormwaker\programs\c、c++\amusement\mvcreations\common\mv_z_ain_common_cases.h(51): warning C4244: “=”: 从“double”转换到“float”，可能丢失数据
d:\wormwaker\programs\c、c++\amusement\mvcreations\common\mv_z_ain_common_cases.h(55): warning C4244: “=”: 从“double”转换到“float”，可能丢失数据
d:\wormwaker\programs\c、c++\amusement\mvcreations\common\mv_z_ain_common_cases.h(56): warning C4244: “参数”: 从“int”转换到“_T”，可能丢失数据
          with
          [
              _T=float
          ]
d:\wormwaker\programs\c、c++\amusement\mvcreations\common\mv_z_ain_common_cases.h(56): warning C4244: “=”: 从“double”转换到“float”，可能丢失数据
d:\wormwaker\programs\c、c++\amusement\mvcreations\common\mv_z_ain_common_cases.h(60): warning C4244: “参数”: 从“int”转换到“_T”，可能丢失数据
          with
          [
              _T=float
          ]
d:\wormwaker\programs\c、c++\amusement\mvcreations\common\mv_z_ain_common_cases.h(60): warning C4244: “=”: 从“double”转换到“float”，可能丢失数据
d:\wormwaker\programs\c、c++\amusement\mvcreations\common\mv_z_ain_common_cases.h(61): warning C4244: “参数”: 从“int”转换到“_T”，可能丢失数据
          with
          [
              _T=float
          ]
d:\wormwaker\programs\c、c++\amusement\mvcreations\common\mv_z_ain_common_cases.h(61): warning C4244: “=”: 从“double”转换到“float”，可能丢失数据
d:\wormwaker\programs\c、c++\amusement\mvcreations\common\mv_z_ain_common_cases.h(65): warning C4244: “参数”: 从“int”转换到“_T”，可能丢失数据
          with
          [
              _T=float
          ]
d:\wormwaker\programs\c、c++\amusement\mvcreations\common\mv_z_ain_common_cases.h(65): warning C4244: “=”: 从“double”转换到“float”，可能丢失数据
d:\wormwaker\programs\c、c++\amusement\mvcreations\common\mv_z_ain_common_cases.h(66): warning C4244: “参数”: 从“int”转换到“_T”，可能丢失数据
          with
          [
              _T=float
          ]
d:\wormwaker\programs\c、c++\amusement\mvcreations\common\mv_z_ain_common_cases.h(66): warning C4244: “=”: 从“double”转换到“float”，可能丢失数据
d:\wormwaker\programs\c、c++\amusement\mvcreations\common\mv_z_ain_common_cases.h(70): warning C4244: “=”: 从“double”转换到“float”，可能丢失数据
d:\wormwaker\programs\c、c++\amusement\mvcreations\common\mv_z_ain_common_cases.h(71): warning C4244: “=”: 从“double”转换到“float”，可能丢失数据
d:\wormwaker\programs\c、c++\amusement\mvcreations\common\mv_z_ain_common_cases.h(75): warning C4244: “=”: 从“double”转换到“float”，可能丢失数据
d:\wormwaker\programs\c、c++\amusement\mvcreations\common\mv_z_ain_common_cases.h(76): warning C4244: “=”: 从“double”转换到“float”，可能丢失数据
d:\wormwaker\programs\c、c++\amusement\mvcreations\common\mv_z_ain_common_cases.h(80): warning C4244: “参数”: 从“int”转换到“_T”，可能丢失数据
          with
          [
              _T=float
          ]
d:\wormwaker\programs\c、c++\amusement\mvcreations\common\mv_z_ain_common_cases.h(80): warning C4244: “=”: 从“double”转换到“float”，可能丢失数据
d:\wormwaker\programs\c、c++\amusement\mvcreations\common\mv_z_ain_common_cases.h(81): warning C4244: “=”: 从“double”转换到“float”，可能丢失数据
d:\wormwaker\programs\c、c++\amusement\mvcreations\common\mv_z_ain_common_cases.h(85): warning C4244: “参数”: 从“int”转换到“_T”，可能丢失数据
          with
          [
              _T=float
          ]
d:\wormwaker\programs\c、c++\amusement\mvcreations\common\mv_z_ain_common_cases.h(85): warning C4244: “=”: 从“double”转换到“float”，可能丢失数据
d:\wormwaker\programs\c、c++\amusement\mvcreations\common\mv_z_ain_common_cases.h(86): warning C4244: “=”: 从“double”转换到“float”，可能丢失数据
d:\wormwaker\programs\c、c++\amusement\mvcreations\common\mv_rectperform.h(177): warning C4244: “=”: 从“double”转换到“short”，可能丢失数据
d:\wormwaker\programs\c、c++\amusement\mvcreations\common\mv_rectperform.h(182): warning C4244: “=”: 从“double”转换到“short”，可能丢失数据
d:\wormwaker\programs\c、c++\amusement\mvcreations\common\mv_rectperform.h(183): warning C4244: “参数”: 从“double”转换到“_T”，可能丢失数据
          with
          [
              _T=int
          ]
d:\wormwaker\programs\c、c++\amusement\mvcreations\common\mv_rectperform.h(183): warning C4244: “参数”: 从“float”转换到“_T”，可能丢失数据
          with
          [
              _T=int
          ]
d:\wormwaker\programs\c、c++\amusement\mvcreations\common\mv_rectperform.h(183): warning C4244: “=”: 从“double”转换到“short”，可能丢失数据
d:\wormwaker\programs\c、c++\amusement\mvcreations\common\mv_rectperform.h(184): warning C4244: “参数”: 从“double”转换到“_T”，可能丢失数据
          with
          [
              _T=int
          ]
d:\wormwaker\programs\c、c++\amusement\mvcreations\common\mv_rectperform.h(184): warning C4244: “参数”: 从“float”转换到“_T”，可能丢失数据
          with
          [
              _T=int
          ]
d:\wormwaker\programs\c、c++\amusement\mvcreations\common\mv_rectperform.h(184): warning C4244: “=”: 从“double”转换到“short”，可能丢失数据
d:\wormwaker\programs\c、c++\amusement\mvcreations\common\mv_rectperform.h(186): warning C4244: “参数”: 从“double”转换到“_T”，可能丢失数据
          with
          [
              _T=float
          ]
d:\wormwaker\programs\c、c++\amusement\mvcreations\common\mv_rectperform.h(186): warning C4244: “=”: 从“double”转换到“float”，可能丢失数据
d:\wormwaker\programs\c、c++\amusement\mvcreations\common\mv_rectperform.h(188): warning C4244: “=”: 从“double”转换到“float”，可能丢失数据
d:\wormwaker\programs\c、c++\amusement\mvcreations\common\mv_rectperform.h(192): warning C4244: “=”: 从“double”转换到“float”，可能丢失数据
d:\wormwaker\programs\c、c++\amusement\mvcreations\common\mv_rectperform.h(200): warning C4244: “=”: 从“double”转换到“short”，可能丢失数据
d:\wormwaker\programs\c、c++\amusement\mvcreations\common\mv_rectperform.h(201): warning C4244: “参数”: 从“float”转换到“_T”，可能丢失数据
          with
          [
              _T=int
          ]
d:\wormwaker\programs\c、c++\amusement\mvcreations\common\mv_rectperform.h(201): warning C4244: “=”: 从“double”转换到“short”，可能丢失数据
d:\wormwaker\programs\c、c++\amusement\mvcreations\common\mv_rectperform.h(202): warning C4244: “参数”: 从“float”转换到“_T”，可能丢失数据
          with
          [
              _T=int
          ]
d:\wormwaker\programs\c、c++\amusement\mvcreations\common\mv_rectperform.h(202): warning C4244: “=”: 从“double”转换到“short”，可能丢失数据
d:\wormwaker\programs\c、c++\amusement\mvcreations\common\mv_rectperform.h(204): warning C4244: “=”: 从“double”转换到“float”，可能丢失数据
d:\wormwaker\programs\c、c++\amusement\mvcreations\common\mv_rectperform.h(206): warning C4244: “=”: 从“double”转换到“float”，可能丢失数据
d:\wormwaker\programs\c、c++\amusement\mvcreations\common\mv_rectperform.h(210): warning C4244: “=”: 从“double”转换到“float”，可能丢失数据
d:\wormwaker\programs\c、c++\amusement\mvcreations\common\mv_z_aout_common_cases.h(2): warning C4244: “=”: 从“double”转换到“float”，可能丢失数据
d:\wormwaker\programs\c、c++\amusement\mvcreations\common\mv_z_aout_common_cases.h(7): warning C4244: “=”: 从“double”转换到“float”，可能丢失数据
d:\wormwaker\programs\c、c++\amusement\mvcreations\common\mv_z_aout_common_cases.h(12): warning C4244: “参数”: 从“int”转换到“_T”，可能丢失数据
          with
          [
              _T=float
          ]
d:\wormwaker\programs\c、c++\amusement\mvcreations\common\mv_z_aout_common_cases.h(12): warning C4244: “=”: 从“double”转换到“float”，可能丢失数据
d:\wormwaker\programs\c、c++\amusement\mvcreations\common\mv_z_aout_common_cases.h(17): warning C4244: “参数”: 从“int”转换到“_T”，可能丢失数据
          with
          [
              _T=float
          ]
d:\wormwaker\programs\c、c++\amusement\mvcreations\common\mv_z_aout_common_cases.h(17): warning C4244: “=”: 从“double”转换到“float”，可能丢失数据
d:\wormwaker\programs\c、c++\amusement\mvcreations\common\mv_z_aout_common_cases.h(22): warning C4244: “=”: 从“double”转换到“float”，可能丢失数据
d:\wormwaker\programs\c、c++\amusement\mvcreations\common\mv_z_aout_common_cases.h(27): warning C4244: “=”: 从“double”转换到“float”，可能丢失数据
d:\wormwaker\programs\c、c++\amusement\mvcreations\common\mv_z_aout_common_cases.h(32): warning C4244: “参数”: 从“int”转换到“_T”，可能丢失数据
          with
          [
              _T=float
          ]
d:\wormwaker\programs\c、c++\amusement\mvcreations\common\mv_z_aout_common_cases.h(32): warning C4244: “=”: 从“double”转换到“float”，可能丢失数据
d:\wormwaker\programs\c、c++\amusement\mvcreations\common\mv_z_aout_common_cases.h(37): warning C4244: “参数”: 从“int”转换到“_T”，可能丢失数据
          with
          [
              _T=float
          ]
d:\wormwaker\programs\c、c++\amusement\mvcreations\common\mv_z_aout_common_cases.h(37): warning C4244: “=”: 从“double”转换到“float”，可能丢失数据
d:\wormwaker\programs\c、c++\amusement\mvcreations\common\mv_z_aout_common_cases.h(42): warning C4244: “=”: 从“double”转换到“float”，可能丢失数据
d:\wormwaker\programs\c、c++\amusement\mvcreations\common\mv_z_aout_common_cases.h(43): warning C4244: “参数”: 从“int”转换到“_T”，可能丢失数据
          with
          [
              _T=float
          ]
d:\wormwaker\programs\c、c++\amusement\mvcreations\common\mv_z_aout_common_cases.h(43): warning C4244: “=”: 从“double”转换到“float”，可能丢失数据
d:\wormwaker\programs\c、c++\amusement\mvcreations\common\mv_z_aout_common_cases.h(47): warning C4244: “=”: 从“double”转换到“float”，可能丢失数据
d:\wormwaker\programs\c、c++\amusement\mvcreations\common\mv_z_aout_common_cases.h(48): warning C4244: “参数”: 从“int”转换到“_T”，可能丢失数据
          with
          [
              _T=float
          ]
d:\wormwaker\programs\c、c++\amusement\mvcreations\common\mv_z_aout_common_cases.h(48): warning C4244: “=”: 从“double”转换到“float”，可能丢失数据
d:\wormwaker\programs\c、c++\amusement\mvcreations\common\mv_z_aout_common_cases.h(52): warning C4244: “参数”: 从“int”转换到“_T”，可能丢失数据
          with
          [
              _T=float
          ]
d:\wormwaker\programs\c、c++\amusement\mvcreations\common\mv_z_aout_common_cases.h(52): warning C4244: “=”: 从“double”转换到“float”，可能丢失数据
d:\wormwaker\programs\c、c++\amusement\mvcreations\common\mv_z_aout_common_cases.h(53): warning C4244: “参数”: 从“int”转换到“_T”，可能丢失数据
          with
          [
              _T=float
          ]
d:\wormwaker\programs\c、c++\amusement\mvcreations\common\mv_z_aout_common_cases.h(53): warning C4244: “=”: 从“double”转换到“float”，可能丢失数据
d:\wormwaker\programs\c、c++\amusement\mvcreations\common\mv_z_aout_common_cases.h(57): warning C4244: “参数”: 从“int”转换到“_T”，可能丢失数据
          with
          [
              _T=float
          ]
d:\wormwaker\programs\c、c++\amusement\mvcreations\common\mv_z_aout_common_cases.h(57): warning C4244: “=”: 从“double”转换到“float”，可能丢失数据
d:\wormwaker\programs\c、c++\amusement\mvcreations\common\mv_z_aout_common_cases.h(58): warning C4244: “参数”: 从“int”转换到“_T”，可能丢失数据
          with
          [
              _T=float
          ]
d:\wormwaker\programs\c、c++\amusement\mvcreations\common\mv_z_aout_common_cases.h(58): warning C4244: “=”: 从“double”转换到“float”，可能丢失数据
d:\wormwaker\programs\c、c++\amusement\mvcreations\common\mv_z_aout_common_cases.h(62): warning C4244: “=”: 从“double”转换到“float”，可能丢失数据
d:\wormwaker\programs\c、c++\amusement\mvcreations\common\mv_z_aout_common_cases.h(63): warning C4244: “=”: 从“double”转换到“float”，可能丢失数据
d:\wormwaker\programs\c、c++\amusement\mvcreations\common\mv_z_aout_common_cases.h(67): warning C4244: “=”: 从“double”转换到“float”，可能丢失数据
d:\wormwaker\programs\c、c++\amusement\mvcreations\common\mv_z_aout_common_cases.h(68): warning C4244: “=”: 从“double”转换到“float”，可能丢失数据
d:\wormwaker\programs\c、c++\amusement\mvcreations\common\mv_z_aout_common_cases.h(72): warning C4244: “参数”: 从“int”转换到“_T”，可能丢失数据
          with
          [
              _T=float
          ]
d:\wormwaker\programs\c、c++\amusement\mvcreations\common\mv_z_aout_common_cases.h(72): warning C4244: “=”: 从“double”转换到“float”，可能丢失数据
d:\wormwaker\programs\c、c++\amusement\mvcreations\common\mv_z_aout_common_cases.h(73): warning C4244: “=”: 从“double”转换到“float”，可能丢失数据
d:\wormwaker\programs\c、c++\amusement\mvcreations\common\mv_z_aout_common_cases.h(77): warning C4244: “参数”: 从“int”转换到“_T”，可能丢失数据
          with
          [
              _T=float
          ]
d:\wormwaker\programs\c、c++\amusement\mvcreations\common\mv_z_aout_common_cases.h(77): warning C4244: “=”: 从“double”转换到“float”，可能丢失数据
d:\wormwaker\programs\c、c++\amusement\mvcreations\common\mv_z_aout_common_cases.h(78): warning C4244: “=”: 从“double”转换到“float”，可能丢失数据
d:\wormwaker\programs\c、c++\amusement\mvcreations\common\mv_z_amid_common.h(10): warning C4244: “=”: 从“double”转换到“float”，可能丢失数据
d:\wormwaker\programs\c、c++\amusement\mvcreations\common\mv_z_amid_common.h(11): warning C4244: “=”: 从“double”转换到“float”，可能丢失数据
d:\wormwaker\programs\c、c++\amusement\mvcreations\common\mv_z_amid_common.h(13): warning C4244: “=”: 从“double”转换到“float”，可能丢失数据
d:\wormwaker\programs\c、c++\amusement\mvcreations\common\mv_rectperform.h(221): warning C4244: “=”: 从“double”转换到“short”，可能丢失数据
d:\wormwaker\programs\c、c++\amusement\mvcreations\common\mv_rectperform.h(222): warning C4244: “=”: 从“double”转换到“short”，可能丢失数据
d:\wormwaker\programs\c、c++\amusement\mvcreations\common\mv_rectperform.h(223): warning C4244: “=”: 从“double”转换到“short”，可能丢失数据
d:\wormwaker\programs\c、c++\amusement\mvcreations\common\mv_rectperform.h(224): warning C4244: “=”: 从“double”转换到“float”，可能丢失数据
d:\wormwaker\programs\c、c++\amusement\mvcreations\common\mv_rectperform.h(259): warning C4244: “*=”: 从“float”转换到“short”，可能丢失数据
d:\wormwaker\programs\c、c++\amusement\mvcreations\common\mv_rectperform.h(264): warning C4244: “*=”: 从“float”转换到“short”，可能丢失数据
d:\wormwaker\programs\c、c++\amusement\mvcreations\common\mv_rectperform.h(285): warning C4244: “参数”: 从“float”转换到“int”，可能丢失数据
d:\wormwaker\programs\c、c++\amusement\mvcreations\common\mv_rectperform.h(287): warning C4244: “参数”: 从“float”转换到“int”，可能丢失数据
d:\wormwaker\programs\c、c++\amusement\mvcreations\common\mv_rectperform.h(292): warning C4244: “参数”: 从“float”转换到“int”，可能丢失数据
d:\wormwaker\programs\c、c++\amusement\mvcreations\common\mv_rectperform.h(293): warning C4244: “初始化”: 从“float”转换到“int”，可能丢失数据
d:\wormwaker\programs\c、c++\amusement\mvcreations\common\mv_rectperform.h(295): warning C4244: “参数”: 从“int”转换到“float”，可能丢失数据
d:\wormwaker\programs\c、c++\amusement\mvcreations\common\mv_rectperform.h(296): warning C4244: “参数”: 从“float”转换到“int”，可能丢失数据
d:\wormwaker\programs\c、c++\amusement\mvcreations\common\mv_rectperform.h(299): warning C4244: “参数”: 从“float”转换到“int”，可能丢失数据
d:\wormwaker\programs\c、c++\amusement\mvcreations\common\mv_script.h(24): warning C4018: “<”: 有符号/无符号不匹配
d:\wormwaker\programs\c、c++\amusement\mvcreations\common\mv_script.h(81): warning C4244: “=”: 从“float”转换到“int”，可能丢失数据
d:\wormwaker\programs\c、c++\amusement\mvcreations\common\mv_script.h(85): warning C4244: “=”: 从“float”转换到“clock_t”，可能丢失数据
d:\wormwaker\programs\c、c++\amusement\mvcreations\common\mv_script.h(105): warning C4244: “初始化”: 从“float”转换到“clock_t”，可能丢失数据
d:\wormwaker\programs\c、c++\amusement\mvcreations\common\mv_script.h(173): warning C4244: “=”: 从“float”转换到“clock_t”，可能丢失数据
d:\wormwaker\programs\c、c++\amusement\mvcreations\common\mv_script.h(235): warning C4244: “=”: 从“float”转换到“clock_t”，可能丢失数据
d:\wormwaker\programs\c、c++\amusement\mvcreations\common\mv_script.h(313): warning C4244: “参数”: 从“float”转换到“clock_t”，可能丢失数据
d:\wormwaker\programs\c、c++\amusement\mvcreations\common\mv_script.h(368): warning C4244: “=”: 从“float”转换到“clock_t”，可能丢失数据
d:\wormwaker\programs\c、c++\amusement\mvcreations\common\mv_script.h(370): warning C4244: “=”: 从“float”转换到“clock_t”，可能丢失数据
d:\wormwaker\programs\c、c++\amusement\mvcreations\common\mv_script.h(372): warning C4244: “=”: 从“float”转换到“clock_t”，可能丢失数据
d:\wormwaker\programs\c、c++\amusement\mvcreations\common\mv_script.h(462): warning C4018: “<”: 有符号/无符号不匹配
d:\wormwaker\programs\c、c++\amusement\mvcreations\common\mv_script.h(473): warning C4018: “<”: 有符号/无符号不匹配
d:\wormwaker\programs\c、c++\amusement\mvcreations\common\mv_script.h(476): warning C4018: “<”: 有符号/无符号不匹配
d:\wormwaker\programs\c、c++\amusement\mvcreations\common\mv_core.h(150): warning C4244: “=”: 从“float”转换到“int”，可能丢失数据
d:\wormwaker\programs\c、c++\amusement\mvcreations\common\mv_core.h(151): warning C4244: “=”: 从“float”转换到“int”，可能丢失数据
d:\wormwaker\programs\c、c++\amusement\mvcreations\只因你太美\只因你太美\只因你太美.cpp(60): warning C4007: “main”: 必须是“__cdecl”
d:\wormwaker\programs\c、c++\amusement\mvcreations\common\mv_string.h(29): warning C4018: “<”: 有符号/无符号不匹配
  d:\wormwaker\programs\c、c++\amusement\mvcreations\common\mv_json.h(246): note: 参见对正在编译的函数 模板 实例化“std::string str<std::string>(const std::vector<std::string,std::allocator<_Ty>> &)”的引用
          with
          [
              _Ty=std::string
          ]
d:\wormwaker\programs\c、c++\amusement\mvcreations\common\mv_math.h(243): warning C4554: “&”: 检查运算符优先级是否存在的可能的错误；使用括号阐明优先级
  d:\wormwaker\programs\c、c++\amusement\mvcreations\common\mv_core.h(135): note: 参见对正在编译的函数 模板 实例化“bool HaveFlag<InitMode>(_Tp,const _Tp)”的引用
          with
          [
              _Tp=InitMode
          ]
d:\wormwaker\programs\c、c++\amusement\mvcreations\common\mv_json.h(444): warning C4715: “ParseList”: 不是所有的控件路径都返回值
d:\wormwaker\programs\c、c++\amusement\mvcreations\common\mv_json.h(380): warning C4715: “ParseJSON”: 不是所有的控件路径都返回值
d:\wormwaker\programs\c、c++\amusement\mvcreations\common\mv_json.h(108): warning C4715: “JSON::HaveKey”: 不是所有的控件路径都返回值
d:\wormwaker\programs\c、c++\amusement\mvcreations\common\mv_script.h(31): warning C4715: “Command::GetMajor”: 不是所有的控件路径都返回值
  只因你太美.vcxproj -> D:\Wormwaker\PROGRAMS\C、C++\Amusement\MVCreations\只因你太美\Debug\只因你太美.exe
